<?xml version="1.0" encoding="UTF-8"?>
<!-- Generated by org.testng.reporters.JUnitXMLReporter -->
<testsuite ignored="0" hostname="LAPTOP-PLNO5R2G" failures="0" tests="18" name="Rediff Testcases" time="173.639" errors="0" timestamp="2023-05-09T17:14:51 PDT">
  <testcase classname="com.qa.practicerediff.testcases.RediffPractice_LandingPageTest" name="validateTitleAndCurrentUrl" time="0.164"/>
  <testcase classname="com.qa.practicerediff.testcases.RediffPractice_LandingPageTest" name="signInButtonIsDisplayedAndEnabled" time="0.345"/>
  <testcase classname="com.qa.practicerediff.testcases.RediffPractice_LandingPageTest" name="rediffLogoDisplayesd" time="0.113"/>
  <testcase classname="com.qa.practicerediff.testcases.RediffPractice_SignInLinkTest" name="clickOnSignInLink" time="2.033"/>
  <testcase classname="com.qa.practicerediff.testcases.RediffPractice_LoginTests" name="logInWithValidCredentials" time="5.961"/>
  <testcase classname="com.qa.practicerediff.testcases.RediffPractice_LoginTests" name="logInWithValidCredentials" time="3.645"/>
  <testcase classname="com.qa.practicerediff.testcases.RediffPractice_LoginTests" name="logInWithValidCredentials" time="5.568"/>
  <testcase classname="com.qa.practicerediff.testcases.RediffPractice_LoginTests" name="logInWithValidCredentials" time="5.348"/>
  <testcase classname="com.qa.practicerediff.testcases.RediffPractice_LoginTests" name="loginWithInvalidCredentials" time="0.983"/>
  <testcase classname="com.qa.practicerediff.testcases.RediffPractice_LoginTests" name="loginWithValidUsernameInvalidPassword" time="0.65"/>
  <testcase classname="com.qa.practicerediff.testcases.RediffPractice_LoginTests" name="loginWithInvalidUsernameValidPassword" time="0.94"/>
  <testcase classname="com.qa.practicerediff.testcases.RediffPractice_LoginTests" name="loginWithUsernameAndNoPassword" time="0.286"/>
  <testcase classname="com.qa.practicerediff.testcases.RediffPractice_LoginTests" name="loginWithNoUsernameandPassword" time="0.196"/>
  <testcase classname="com.qa.practicerediff.testcases.RediffPractice_LoginTests" name="loginWithNoCredentials" time="0.081"/>
  <testcase classname="com.qa.practicerediff.testcases.RediffPractice_InboxPageTest" name="inboxButtonPresence" time="0.059"/>
  <testcase classname="com.qa.practicerediff.testcases.RediffPractice_LogoutTest" name="signOutMessage" time="2.156"/>
  <testcase classname="com.qa.practicerediff.testcases.RediffPractice_HomePageTest" name="logoutPageRediffLogo" time="7.281"/>
  <testcase classname="com.qa.practicerediff.testcases.RediffPractice_LinkTests" name="rediffLinks" time="11.878"/>
</testsuite> <!-- Rediff Testcases -->
